<?xml version="1.0" encoding="UTF-8"?>
<!-- Generated by org.testng.reporters.JUnitXMLReporter -->
<testsuite ignored="0" hostname="SRAVAN-PC" failures="0" tests="1" name="Test1" time="169.897" errors="0" timestamp="2023-04-02T11:18:04 IST">
  <testcase classname="base.BaseClass" name="@BeforeMethod LaunchApp" time="110.644">
    <failure type="org.openqa.selenium.SessionNotCreatedException" message="Could not start a new session. Response code 500. Message: An unknown server-side error occurred while processing the command. Original error: Device RZCT406BZQM was not in the list of connected devices 
Host info: host: &amp;apos;SRAVAN-PC&amp;apos;, ip: &amp;apos;192.168.190.1&amp;apos;
Build info: version: &amp;apos;4.8.1&amp;apos;, revision: &amp;apos;8ebccac989&amp;apos;
System info: os.name: &amp;apos;Windows 10&amp;apos;, os.arch: &amp;apos;amd64&amp;apos;, os.version: &amp;apos;10.0&amp;apos;, java.version: &amp;apos;11.0.17&amp;apos;
Driver info: io.appium.java_client.android.AndroidDriver
Command: [null, newSession {capabilities=[{appium:appActivity=.SplashActivity, appium:appPackage=com.androidsample.generalstore, appium:automationName=uiautomator2, appium:chromedriverExecutable=C:\Users\Sravan Kumar\OneDrive\Desktop\NOTES\APPIUM\chromedriver.exe, appium:deviceName=Harish&amp;apos;s F23&amp;apos;, platformName=ANDROID, appium:platformVersion=13, appium:udid=RZCT406BZQM}], desiredCapabilities=Capabilities {appActivity: .SplashActivity, appPackage: com.androidsample.generalstore, automationName: uiautomator2, chromedriverExecutable: C:\Users\Sravan Kumar\OneDr..., deviceName: Harish&amp;apos;s F23&amp;apos;, platformName: ANDROID, platformVersion: 13, udid: RZCT406BZQM}}]
Capabilities {appActivity: .SplashActivity, appPackage: com.androidsample.generalstore, automationName: uiautomator2, chromedriverExecutable: C:\Users\Sravan Kumar\OneDr..., deviceName: Harish&amp;apos;s F23&amp;apos;, platformName: ANDROID, platformVersion: 13, udid: RZCT406BZQM}">
      <![CDATA[org.openqa.selenium.SessionNotCreatedException: Could not start a new session. Response code 500. Message: An unknown server-side error occurred while processing the command. Original error: Device RZCT406BZQM was not in the list of connected devices 
Host info: host: 'SRAVAN-PC', ip: '192.168.190.1'
Build info: version: '4.8.1', revision: '8ebccac989'
System info: os.name: 'Windows 10', os.arch: 'amd64', os.version: '10.0', java.version: '11.0.17'
Driver info: io.appium.java_client.android.AndroidDriver
Command: [null, newSession {capabilities=[{appium:appActivity=.SplashActivity, appium:appPackage=com.androidsample.generalstore, appium:automationName=uiautomator2, appium:chromedriverExecutable=C:\Users\Sravan Kumar\OneDrive\Desktop\NOTES\APPIUM\chromedriver.exe, appium:deviceName=Harish's F23', platformName=ANDROID, appium:platformVersion=13, appium:udid=RZCT406BZQM}], desiredCapabilities=Capabilities {appActivity: .SplashActivity, appPackage: com.androidsample.generalstore, automationName: uiautomator2, chromedriverExecutable: C:\Users\Sravan Kumar\OneDr..., deviceName: Harish's F23', platformName: ANDROID, platformVersion: 13, udid: RZCT406BZQM}}]
Capabilities {appActivity: .SplashActivity, appPackage: com.androidsample.generalstore, automationName: uiautomator2, chromedriverExecutable: C:\Users\Sravan Kumar\OneDr..., deviceName: Harish's F23', platformName: ANDROID, platformVersion: 13, udid: RZCT406BZQM}
at org.openqa.selenium.remote.ProtocolHandshake.createSession(ProtocolHandshake.java:148)
at io.appium.java_client.remote.AppiumProtocolHandshake.createSession(AppiumProtocolHandshake.java:133)
at io.appium.java_client.remote.AppiumProtocolHandshake.createSession(AppiumProtocolHandshake.java:102)
at io.appium.java_client.remote.AppiumCommandExecutor.createSession(AppiumCommandExecutor.java:194)
at io.appium.java_client.remote.AppiumCommandExecutor.execute(AppiumCommandExecutor.java:262)
at org.openqa.selenium.remote.RemoteWebDriver.execute(RemoteWebDriver.java:543)
at io.appium.java_client.AppiumDriver.startSession(AppiumDriver.java:229)
at org.openqa.selenium.remote.RemoteWebDriver.<init>(RemoteWebDriver.java:157)
at io.appium.java_client.AppiumDriver.<init>(AppiumDriver.java:80)
at io.appium.java_client.AppiumDriver.<init>(AppiumDriver.java:92)
at io.appium.java_client.android.AndroidDriver.<init>(AndroidDriver.java:117)
at base.BaseClass.LaunchApp(BaseClass.java:56)
at java.base/java.util.ArrayList.forEach(ArrayList.java:1541)
at java.base/java.util.concurrent.FutureTask.run(FutureTask.java:264)
at java.base/java.util.concurrent.ThreadPoolExecutor.runWorker(ThreadPoolExecutor.java:1128)
at java.base/java.util.concurrent.ThreadPoolExecutor$Worker.run(ThreadPoolExecutor.java:628)
at java.base/java.lang.Thread.run(Thread.java:834)
... Removed 25 stack frames]]>
    </failure>
  </testcase> <!-- @BeforeMethod LaunchApp -->
  <testcase classname="base.BaseClass" name="@AfterMethod terminateServer" time="0.0">
    <skipped/>
  </testcase> <!-- @AfterMethod terminateServer -->
  <testcase classname="com.generalStore.PrintToastMsgTest" name="toastmsgTest" time="21.118"/>
</testsuite> <!-- Test1 -->
